<?xml version="1.0" encoding="UTF-8"?>
<!-- Generated by org.testng.reporters.JUnitReportReporter -->
<testsuite skipped="0" hostname="Geraldines-MBP" name="TestPopUp" tests="2" failures="0" timestamp="26 Apr 2017 22:27:35 GMT" time="15.380" errors="0">
  <testcase name="TestPopUpWindow" time="7.968" classname="TestPopUp"/>
  <testcase name="ScrollPageDown" time="7.412" classname="TestPopUp"/>
</testsuite> <!-- TestPopUp -->
